
Showing logs for build [32mcb-kubecd-environment-pr-200-1-kq7sl-1[0m stage [32mfrom-build-pack[0m and container [32mstep-credential-initializer-79fpr[0m
{"level":"warn","ts":1586893048.7381573,"logger":"fallback-logger","caller":"logging/config.go:69","msg":"Fetch GitHub commit ID from kodata failed: \"ref: refs/heads/0.8.0-**-support-backwards-incompats\" is not a valid GitHub commit ID"}
{"level":"info","ts":1586893048.738755,"logger":"fallback-logger","caller":"creds-init/main.go:40","msg":"Credentials initialized."}

Showing logs for build [32mcb-kubecd-environment-pr-200-1-kq7sl-1[0m stage [32mfrom-build-pack[0m and container [32mstep-working-dir-initializer-4mgkq[0m
{"level":"warn","ts":1586893049.2164712,"logger":"fallback-logger","caller":"logging/config.go:69","msg":"Fetch GitHub commit ID from kodata failed: open /var/run/ko/HEAD: no such file or directory"}
{"level":"info","ts":1586893049.2219744,"logger":"fallback-logger","caller":"bash/main.go:64","msg":"Successfully executed command \"sh -c mkdir -p /workspace/source\"; output "}

Showing logs for build [32mcb-kubecd-environment-pr-200-1-kq7sl-1[0m stage [32mfrom-build-pack[0m and container [32mstep-place-tools[0m

Showing logs for build [32mcb-kubecd-environment-pr-200-1-kq7sl-1[0m stage [32mfrom-build-pack[0m and container [32mstep-git-source-cb-kubecd-environment-pr-200-1-kq7sl-k26gh[0m
{"level":"warn","ts":1586893053.3053923,"logger":"fallback-logger","caller":"logging/config.go:69","msg":"Fetch GitHub commit ID from kodata failed: \"ref: refs/heads/0.8.0-**-support-backwards-incompats\" is not a valid GitHub commit ID"}
{"level":"info","ts":1586893054.3934517,"logger":"fallback-logger","caller":"git/git.go:103","msg":"Successfully cloned https://github.com/cb-kubecd/environment-pr-200-1-boot-gke-staging.git @ master in path /workspace/source"}

Showing logs for build [32mcb-kubecd-environment-pr-200-1-kq7sl-1[0m stage [32mfrom-build-pack[0m and container [32mstep-git-merge[0m
Using SHAs from PULL_REFS=master:81783e42b8ea2cf5805752aaa5cd15614d30b02d,6:3b953ace650eb93f8bf2822e42d7c796bd3638fb
DEBUG: LC_ALL=C JX_LOG_LEVEL=error git fetch origin --unshallow 3b953ace650eb93f8bf2822e42d7c796bd3638fb: 81783e42b8ea2cf5805752aaa5cd15614d30b02d:
DEBUG: ran git fetch --unshallow origin 3b953ace650eb93f8bf2822e42d7c796bd3638fb: 81783e42b8ea2cf5805752aaa5cd15614d30b02d: in 
DEBUG: JX_LOG_LEVEL=error LC_ALL=C git branch
DEBUG: LC_ALL=C JX_LOG_LEVEL=error git checkout master
DEBUG: ran git checkout master in 
DEBUG: JX_LOG_LEVEL=error LC_ALL=C git reset --hard 81783e42b8ea2cf5805752aaa5cd15614d30b02d
DEBUG: ran git reset --hard 81783e42b8ea2cf5805752aaa5cd15614d30b02d in 
DEBUG: LC_ALL=C JX_LOG_LEVEL=error git clean -fd .
DEBUG: ran clean --force -d . in 
DEBUG: LC_ALL=C JX_LOG_LEVEL=error git merge 3b953ace650eb93f8bf2822e42d7c796bd3638fb
DEBUG: ran git merge 3b953ace650eb93f8bf2822e42d7c796bd3638fb in 
DEBUG: LC_ALL=C JX_LOG_LEVEL=error git log --format=%H%x1f%an%x1f%ae%x1f%cn%x1f%ce%x1f%s%n%b%x1e 81783e42b8ea2cf5805752aaa5cd15614d30b02d..HEAD
Merged SHA 3b953ace650eb93f8bf2822e42d7c796bd3638fb with commit message 'chore: Promote bdd-sbrp-import-1586892471 to version 0.0.1' into base branch master

Showing logs for build [32mcb-kubecd-environment-pr-200-1-kq7sl-1[0m stage [32mfrom-build-pack[0m and container [32mstep-build-helm-build[0m
WARNING: No $CHART_REPOSITORY defined so using the default value of: http://jenkins-x-chartmuseum:8080
Adding missing Helm repo: storage.googleapis.com https://storage.googleapis.com/chartmuseum.jenkins-x.io
WARNING: No secrets found on "helm/repos" due: reading the secret "helm/repos" from vault: no secret "helm/repos" not found in vault
Read credentials for https://storage.googleapis.com/chartmuseum.jenkins-x.io from vault helm/repos
Successfully added Helm repository storage.googleapis.com.
Adding missing Helm repo: jenkins-x-chartmuseum http://jenkins-x-chartmuseum:8080
WARNING: No secrets found on "helm/repos" due: reading the secret "helm/repos" from vault: no secret "helm/repos" not found in vault
Read credentials for http://jenkins-x-chartmuseum:8080 from vault helm/repos
Successfully added Helm repository jenkins-x-chartmuseum.
WARNING: No $CHART_REPOSITORY defined so using the default value of: http://jenkins-x-chartmuseum:8080
Adding missing Helm repo: chartmuseum.jenkins-x.io http://chartmuseum.jenkins-x.io
WARNING: No secrets found on "helm/repos" due: reading the secret "helm/repos" from vault: no secret "helm/repos" not found in vault
Read credentials for http://chartmuseum.jenkins-x.io from vault helm/repos
Successfully added Helm repository chartmuseum.jenkins-x.io.
