
Showing logs for build [32mcb-kubecd-environment-pr-200-1-rqq25-1[0m stage [32mfrom-build-pack[0m and container [32mstep-credential-initializer-wvw6n[0m
{"level":"warn","ts":1586892035.5432322,"logger":"fallback-logger","caller":"logging/config.go:69","msg":"Fetch GitHub commit ID from kodata failed: \"ref: refs/heads/0.8.0-**-support-backwards-incompats\" is not a valid GitHub commit ID"}
{"level":"info","ts":1586892035.5449877,"logger":"fallback-logger","caller":"creds-init/main.go:40","msg":"Credentials initialized."}

Showing logs for build [32mcb-kubecd-environment-pr-200-1-rqq25-1[0m stage [32mfrom-build-pack[0m and container [32mstep-working-dir-initializer-8sqff[0m
{"level":"warn","ts":1586892036.4263353,"logger":"fallback-logger","caller":"logging/config.go:69","msg":"Fetch GitHub commit ID from kodata failed: open /var/run/ko/HEAD: no such file or directory"}
{"level":"info","ts":1586892036.430306,"logger":"fallback-logger","caller":"bash/main.go:64","msg":"Successfully executed command \"sh -c mkdir -p /workspace/source\"; output "}

Showing logs for build [32mcb-kubecd-environment-pr-200-1-rqq25-1[0m stage [32mfrom-build-pack[0m and container [32mstep-place-tools[0m

Showing logs for build [32mcb-kubecd-environment-pr-200-1-rqq25-1[0m stage [32mfrom-build-pack[0m and container [32mstep-git-source-cb-kubecd-environment-pr-200-1-rqq25-ckwvp[0m
{"level":"warn","ts":1586892042.6539176,"logger":"fallback-logger","caller":"logging/config.go:69","msg":"Fetch GitHub commit ID from kodata failed: \"ref: refs/heads/0.8.0-**-support-backwards-incompats\" is not a valid GitHub commit ID"}
{"level":"info","ts":1586892043.7166307,"logger":"fallback-logger","caller":"git/git.go:103","msg":"Successfully cloned https://github.com/cb-kubecd/environment-pr-200-1-boot-gke-staging.git @ master in path /workspace/source"}

Showing logs for build [32mcb-kubecd-environment-pr-200-1-rqq25-1[0m stage [32mfrom-build-pack[0m and container [32mstep-git-merge[0m
Using SHAs from PULL_REFS=master:30437ecee3aef7341424e8cff034f1a184c46a43,4:a0030be8acc66da9bb87cd5593f3c2bfc30b1360
DEBUG: LC_ALL=C JX_LOG_LEVEL=error git fetch origin --unshallow a0030be8acc66da9bb87cd5593f3c2bfc30b1360: 30437ecee3aef7341424e8cff034f1a184c46a43:
DEBUG: ran git fetch --unshallow origin a0030be8acc66da9bb87cd5593f3c2bfc30b1360: 30437ecee3aef7341424e8cff034f1a184c46a43: in 
DEBUG: LC_ALL=C JX_LOG_LEVEL=error git branch
DEBUG: JX_LOG_LEVEL=error LC_ALL=C git checkout master
DEBUG: ran git checkout master in 
DEBUG: LC_ALL=C JX_LOG_LEVEL=error git reset --hard 30437ecee3aef7341424e8cff034f1a184c46a43
DEBUG: ran git reset --hard 30437ecee3aef7341424e8cff034f1a184c46a43 in 
DEBUG: LC_ALL=C JX_LOG_LEVEL=error git clean -fd .
DEBUG: ran clean --force -d . in 
DEBUG: LC_ALL=C JX_LOG_LEVEL=error git merge a0030be8acc66da9bb87cd5593f3c2bfc30b1360
DEBUG: ran git merge a0030be8acc66da9bb87cd5593f3c2bfc30b1360 in 
DEBUG: LC_ALL=C JX_LOG_LEVEL=error git log --format=%H%x1f%an%x1f%ae%x1f%cn%x1f%ce%x1f%s%n%b%x1e 30437ecee3aef7341424e8cff034f1a184c46a43..HEAD
Merged SHA a0030be8acc66da9bb87cd5593f3c2bfc30b1360 with commit message 'chore: Promote bdd-gh-1586890166 to version 0.0.1' into base branch master

Showing logs for build [32mcb-kubecd-environment-pr-200-1-rqq25-1[0m stage [32mfrom-build-pack[0m and container [32mstep-build-helm-build[0m
WARNING: No $CHART_REPOSITORY defined so using the default value of: http://jenkins-x-chartmuseum:8080
Adding missing Helm repo: storage.googleapis.com https://storage.googleapis.com/chartmuseum.jenkins-x.io
WARNING: No secrets found on "helm/repos" due: reading the secret "helm/repos" from vault: no secret "helm/repos" not found in vault
Read credentials for https://storage.googleapis.com/chartmuseum.jenkins-x.io from vault helm/repos
Successfully added Helm repository storage.googleapis.com.
Adding missing Helm repo: jenkins-x-chartmuseum http://jenkins-x-chartmuseum:8080
WARNING: No secrets found on "helm/repos" due: reading the secret "helm/repos" from vault: no secret "helm/repos" not found in vault
Read credentials for http://jenkins-x-chartmuseum:8080 from vault helm/repos
Successfully added Helm repository jenkins-x-chartmuseum.
WARNING: No $CHART_REPOSITORY defined so using the default value of: http://jenkins-x-chartmuseum:8080
Adding missing Helm repo: chartmuseum.jenkins-x.io http://chartmuseum.jenkins-x.io
WARNING: No secrets found on "helm/repos" due: reading the secret "helm/repos" from vault: no secret "helm/repos" not found in vault
Read credentials for http://chartmuseum.jenkins-x.io from vault helm/repos
Successfully added Helm repository chartmuseum.jenkins-x.io.
