
Showing logs for build [32mcb-kubecd-environment-pr-200-1-89c7f-1[0m stage [32mfrom-build-pack[0m and container [32mstep-credential-initializer-rv8c2[0m
{"level":"warn","ts":1586892646.4102437,"logger":"fallback-logger","caller":"logging/config.go:69","msg":"Fetch GitHub commit ID from kodata failed: \"ref: refs/heads/0.8.0-**-support-backwards-incompats\" is not a valid GitHub commit ID"}
{"level":"info","ts":1586892646.4110022,"logger":"fallback-logger","caller":"creds-init/main.go:40","msg":"Credentials initialized."}

Showing logs for build [32mcb-kubecd-environment-pr-200-1-89c7f-1[0m stage [32mfrom-build-pack[0m and container [32mstep-working-dir-initializer-7w7vm[0m
{"level":"warn","ts":1586892647.4366276,"logger":"fallback-logger","caller":"logging/config.go:69","msg":"Fetch GitHub commit ID from kodata failed: open /var/run/ko/HEAD: no such file or directory"}
{"level":"info","ts":1586892647.4400334,"logger":"fallback-logger","caller":"bash/main.go:64","msg":"Successfully executed command \"sh -c mkdir -p /workspace/source\"; output "}

Showing logs for build [32mcb-kubecd-environment-pr-200-1-89c7f-1[0m stage [32mfrom-build-pack[0m and container [32mstep-place-tools[0m

Showing logs for build [32mcb-kubecd-environment-pr-200-1-89c7f-1[0m stage [32mfrom-build-pack[0m and container [32mstep-git-source-cb-kubecd-environment-pr-200-1-89c7f-j8bzp[0m
{"level":"warn","ts":1586892652.6824415,"logger":"fallback-logger","caller":"logging/config.go:69","msg":"Fetch GitHub commit ID from kodata failed: \"ref: refs/heads/0.8.0-**-support-backwards-incompats\" is not a valid GitHub commit ID"}
{"level":"info","ts":1586892653.7307317,"logger":"fallback-logger","caller":"git/git.go:103","msg":"Successfully cloned https://github.com/cb-kubecd/environment-pr-200-1-boot-gke-staging.git @ master in path /workspace/source"}

Showing logs for build [32mcb-kubecd-environment-pr-200-1-89c7f-1[0m stage [32mfrom-build-pack[0m and container [32mstep-git-merge[0m
Using SHAs from PULL_REFS=master:fa410a6495266a7fae2d04b81cd497a4aadb9055,5:017d3971c4ca206a9b9906129a29cd02c45ec5e0
DEBUG: LC_ALL=C JX_LOG_LEVEL=error git fetch origin --unshallow 017d3971c4ca206a9b9906129a29cd02c45ec5e0: fa410a6495266a7fae2d04b81cd497a4aadb9055:
DEBUG: ran git fetch --unshallow origin 017d3971c4ca206a9b9906129a29cd02c45ec5e0: fa410a6495266a7fae2d04b81cd497a4aadb9055: in 
DEBUG: LC_ALL=C JX_LOG_LEVEL=error git branch
DEBUG: LC_ALL=C JX_LOG_LEVEL=error git checkout master
DEBUG: ran git checkout master in 
DEBUG: LC_ALL=C JX_LOG_LEVEL=error git reset --hard fa410a6495266a7fae2d04b81cd497a4aadb9055
DEBUG: ran git reset --hard fa410a6495266a7fae2d04b81cd497a4aadb9055 in 
DEBUG: LC_ALL=C JX_LOG_LEVEL=error git clean -fd .
DEBUG: ran clean --force -d . in 
DEBUG: LC_ALL=C JX_LOG_LEVEL=error git merge 017d3971c4ca206a9b9906129a29cd02c45ec5e0
DEBUG: ran git merge 017d3971c4ca206a9b9906129a29cd02c45ec5e0 in 
DEBUG: JX_LOG_LEVEL=error LC_ALL=C git log --format=%H%x1f%an%x1f%ae%x1f%cn%x1f%ce%x1f%s%n%b%x1e fa410a6495266a7fae2d04b81cd497a4aadb9055..HEAD
Merged SHA 017d3971c4ca206a9b9906129a29cd02c45ec5e0 with commit message 'chore: Promote bdd-ghf**y-import-1586892471 to version 0.0.1' into base branch master

Showing logs for build [32mcb-kubecd-environment-pr-200-1-89c7f-1[0m stage [32mfrom-build-pack[0m and container [32mstep-build-helm-build[0m
WARNING: No $CHART_REPOSITORY defined so using the default value of: http://jenkins-x-chartmuseum:8080
Adding missing Helm repo: storage.googleapis.com https://storage.googleapis.com/chartmuseum.jenkins-x.io
WARNING: No secrets found on "helm/repos" due: reading the secret "helm/repos" from vault: no secret "helm/repos" not found in vault
Read credentials for https://storage.googleapis.com/chartmuseum.jenkins-x.io from vault helm/repos
Successfully added Helm repository storage.googleapis.com.
Adding missing Helm repo: jenkins-x-chartmuseum http://jenkins-x-chartmuseum:8080
WARNING: No secrets found on "helm/repos" due: reading the secret "helm/repos" from vault: no secret "helm/repos" not found in vault
Read credentials for http://jenkins-x-chartmuseum:8080 from vault helm/repos
Successfully added Helm repository jenkins-x-chartmuseum.
WARNING: No $CHART_REPOSITORY defined so using the default value of: http://jenkins-x-chartmuseum:8080
Adding missing Helm repo: chartmuseum.jenkins-x.io http://chartmuseum.jenkins-x.io
WARNING: No secrets found on "helm/repos" due: reading the secret "helm/repos" from vault: no secret "helm/repos" not found in vault
Read credentials for http://chartmuseum.jenkins-x.io from vault helm/repos
Successfully added Helm repository chartmuseum.jenkins-x.io.
